2020-12-04 13:26:13,845 p=8151 u=vagrant n=ansible | PLAY [PLAY de demo tasks asynchrones] ****************************************************************************
2020-12-04 13:26:13,883 p=8151 u=vagrant n=ansible | TASK [Gathering Facts] *******************************************************************************************
2020-12-04 13:26:16,168 p=8151 u=vagrant n=ansible | ok: [srv02]
2020-12-04 13:26:16,213 p=8151 u=vagrant n=ansible | TASK [Simulate long running op (15 sec), wait for up to 6 sec, poll every 2 sec] *********************************
2020-12-04 13:26:24,217 p=8151 u=vagrant n=ansible | fatal: [srv02]: FAILED! => {"changed": false, "msg": "async task did not complete within the requested time - 6s"}
2020-12-04 13:26:24,218 p=8151 u=vagrant n=ansible | ...ignoring
2020-12-04 13:26:24,242 p=8151 u=vagrant n=ansible | TASK [On passe à la suite] ***************************************************************************************
2020-12-04 13:26:24,266 p=8151 u=vagrant n=ansible | ok: [srv02] => {
    "msg": "On continue !"
}
2020-12-04 13:26:24,295 p=8151 u=vagrant n=ansible | TASK [Simulate long running op, allow to run for 45 sec, fire and forget] ****************************************
2020-12-04 13:26:24,862 p=8151 u=vagrant n=ansible | changed: [srv02]
2020-12-04 13:26:24,884 p=8151 u=vagrant n=ansible | TASK [On passe à la suite] ***************************************************************************************
2020-12-04 13:26:24,909 p=8151 u=vagrant n=ansible | ok: [srv02] => {
    "msg": "On continue !"
}
2020-12-04 13:26:24,945 p=8151 u=vagrant n=ansible | TASK [Provisionnement d'instances cloud] *************************************************************************
2020-12-04 13:26:25,491 p=8151 u=vagrant n=ansible | changed: [srv02] => (item=30)
2020-12-04 13:26:25,995 p=8151 u=vagrant n=ansible | changed: [srv02] => (item=15)
2020-12-04 13:26:26,581 p=8151 u=vagrant n=ansible | changed: [srv02] => (item=30)
2020-12-04 13:26:27,121 p=8151 u=vagrant n=ansible | changed: [srv02] => (item=15)
2020-12-04 13:26:27,161 p=8151 u=vagrant n=ansible | TASK [Task configuration DNS] ************************************************************************************
2020-12-04 13:26:27,186 p=8151 u=vagrant n=ansible | ok: [srv02] => {
    "msg": "Configuration des entrées DNS"
}
2020-12-04 13:26:27,223 p=8151 u=vagrant n=ansible | TASK [Task configuration DNS] ************************************************************************************
2020-12-04 13:26:27,247 p=8151 u=vagrant n=ansible | ok: [srv02] => {
    "msg": "COnfiguration Firewall"
}
2020-12-04 13:26:27,282 p=8151 u=vagrant n=ansible | TASK [Analyse job async] *****************************************************************************************
2020-12-04 13:26:27,310 p=8151 u=vagrant n=ansible | skipping: [srv02]
2020-12-04 13:26:27,339 p=8151 u=vagrant n=ansible | TASK [Analyse du status du provisionnement des instance cloud avant poursuite des installation] ******************
2020-12-04 13:26:56,136 p=8151 u=vagrant n=ansible | changed: [srv02] => (item={'started': 1, 'finished': 0, 'ansible_job_id': '670413103112.7915', 'results_file': '/home/vagrant/.ansible_async/670413103112.7915', 'changed': True, 'failed': False, 'item': 30, 'ansible_loop_var': 'item'})
2020-12-04 13:26:56,547 p=8151 u=vagrant n=ansible | changed: [srv02] => (item={'started': 1, 'finished': 0, 'ansible_job_id': '288080307348.7941', 'results_file': '/home/vagrant/.ansible_async/288080307348.7941', 'changed': True, 'failed': False, 'item': 15, 'ansible_loop_var': 'item'})
2020-12-04 13:26:56,892 p=8151 u=vagrant n=ansible | changed: [srv02] => (item={'started': 1, 'finished': 0, 'ansible_job_id': '328669162499.7967', 'results_file': '/home/vagrant/.ansible_async/328669162499.7967', 'changed': True, 'failed': False, 'item': 30, 'ansible_loop_var': 'item'})
2020-12-04 13:26:57,278 p=8151 u=vagrant n=ansible | changed: [srv02] => (item={'started': 1, 'finished': 0, 'ansible_job_id': '866623014983.7993', 'results_file': '/home/vagrant/.ansible_async/866623014983.7993', 'changed': True, 'failed': False, 'item': 15, 'ansible_loop_var': 'item'})
2020-12-04 13:26:57,325 p=8151 u=vagrant n=ansible | PLAY RECAP *******************************************************************************************************
2020-12-04 13:26:57,326 p=8151 u=vagrant n=ansible | srv02                      : ok=9    changed=3    unreachable=0    failed=0    skipped=1    rescued=0    ignored=1   
2020-12-04 13:29:49,236 p=8431 u=vagrant n=ansible | PLAY [PLAY de demo tasks asynchrones] ****************************************************************************
2020-12-04 13:29:49,332 p=8431 u=vagrant n=ansible | TASK [Simulate long running op (15 sec), wait for up to 6 sec, poll every 2 sec] *********************************
2020-12-04 13:29:58,228 p=8431 u=vagrant n=ansible | fatal: [srv02]: FAILED! => {"changed": false, "msg": "async task did not complete within the requested time - 6s"}
2020-12-04 13:29:58,229 p=8431 u=vagrant n=ansible | ...ignoring
2020-12-04 13:29:58,260 p=8431 u=vagrant n=ansible | TASK [On passe à la suite] ***************************************************************************************
2020-12-04 13:29:58,284 p=8431 u=vagrant n=ansible | ok: [srv02] => {
    "msg": "On continue !"
}
2020-12-04 13:29:58,325 p=8431 u=vagrant n=ansible | TASK [Simulate long running op, allow to run for 45 sec, fire and forget] ****************************************
2020-12-04 13:29:58,904 p=8431 u=vagrant n=ansible | changed: [srv02]
2020-12-04 13:29:58,932 p=8431 u=vagrant n=ansible | TASK [On passe à la suite] ***************************************************************************************
2020-12-04 13:29:58,956 p=8431 u=vagrant n=ansible | ok: [srv02] => {
    "msg": "On continue !"
}
2020-12-04 13:29:58,993 p=8431 u=vagrant n=ansible | TASK [Provisionnement d'instances cloud] *************************************************************************
2020-12-04 13:29:59,600 p=8431 u=vagrant n=ansible | changed: [srv02] => (item=30)
2020-12-04 13:30:00,183 p=8431 u=vagrant n=ansible | changed: [srv02] => (item=15)
2020-12-04 13:30:00,796 p=8431 u=vagrant n=ansible | changed: [srv02] => (item=30)
2020-12-04 13:30:01,449 p=8431 u=vagrant n=ansible | changed: [srv02] => (item=15)
2020-12-04 13:30:01,491 p=8431 u=vagrant n=ansible | TASK [Task configuration DNS] ************************************************************************************
2020-12-04 13:30:01,516 p=8431 u=vagrant n=ansible | ok: [srv02] => {
    "msg": "Configuration des entrées DNS"
}
2020-12-04 13:30:01,558 p=8431 u=vagrant n=ansible | TASK [Task configuration DNS] ************************************************************************************
2020-12-04 13:30:01,583 p=8431 u=vagrant n=ansible | ok: [srv02] => {
    "msg": "COnfiguration Firewall"
}
2020-12-04 13:30:01,629 p=8431 u=vagrant n=ansible | TASK [Analyse job async] *****************************************************************************************
2020-12-04 13:30:01,657 p=8431 u=vagrant n=ansible | skipping: [srv02]
2020-12-04 13:30:01,690 p=8431 u=vagrant n=ansible | TASK [Analyse du status du provisionnement des instance cloud avant poursuite des installation] ******************
2020-12-04 13:30:30,826 p=8431 u=vagrant n=ansible | changed: [srv02] => (item={'started': 1, 'finished': 0, 'ansible_job_id': '903338806320.8715', 'results_file': '/home/vagrant/.ansible_async/903338806320.8715', 'changed': True, 'failed': False, 'item': 30, 'ansible_loop_var': 'item'})
2020-12-04 13:30:31,306 p=8431 u=vagrant n=ansible | changed: [srv02] => (item={'started': 1, 'finished': 0, 'ansible_job_id': '939754870408.8741', 'results_file': '/home/vagrant/.ansible_async/939754870408.8741', 'changed': True, 'failed': False, 'item': 15, 'ansible_loop_var': 'item'})
2020-12-04 13:30:31,681 p=8431 u=vagrant n=ansible | changed: [srv02] => (item={'started': 1, 'finished': 0, 'ansible_job_id': '738534431335.8767', 'results_file': '/home/vagrant/.ansible_async/738534431335.8767', 'changed': True, 'failed': False, 'item': 30, 'ansible_loop_var': 'item'})
2020-12-04 13:30:32,107 p=8431 u=vagrant n=ansible | changed: [srv02] => (item={'started': 1, 'finished': 0, 'ansible_job_id': '327844373936.8793', 'results_file': '/home/vagrant/.ansible_async/327844373936.8793', 'changed': True, 'failed': False, 'item': 15, 'ansible_loop_var': 'item'})
2020-12-04 13:30:32,176 p=8431 u=vagrant n=ansible | PLAY RECAP *******************************************************************************************************
2020-12-04 13:30:32,177 p=8431 u=vagrant n=ansible | srv02                      : ok=8    changed=3    unreachable=0    failed=0    skipped=1    rescued=0    ignored=1   
2020-12-04 15:11:55,915 p=8753 u=vagrant n=ansible | all:
  children:
    awx:
      hosts:
        awx01:
          ansible_python_interpreter: /usr/bin/python3
          ansible_ssh_host: 172.28.128.75
          couleur: yellow
          docker_compose_version: 1.27.4
          sudogrp: sudo
    docker_host:
      hosts:
        awx01: {}
        srv01:
          ansible_python_interpreter: /usr/bin/python3
          ansible_ssh_host: 172.28.128.69
          couleur: yellow
          docker_compose_version: 1.27.4
          dockers:
            alpine:
              container_name: my_alpine
              container_state: started
              image_state: present
              tag: latest
            redis:
              container_name: my_redis
              container_state: started
              image_state: present
              published_ports: 6379:6379
              tag: 6.0.9-alpine
          sudogrp: sudo
    haproxy:
      hosts:
        srv03:
          _interfaceip: eth1
          ansible_python_interpreter: /usr/bin/python3
          ansible_ssh_host: 172.28.128.71
          grp_web: webservers
          key_status: absent
          password_strategy: always
          sudogrp: wheel
          var1: Serveurs Linux
    linux:
      children:
        centos:
          hosts:
            srv03: {}
        debian:
          hosts:
            awx01: {}
            srv01: {}
            srv02:
              ansible_python_interpreter: /usr/bin/python3
              ansible_ssh_host: 172.28.128.70
              couleur: green
              sudogrp: sudo
    ungrouped:
      hosts:
        manager:
          ansible_connection: local
          ansible_python_interpreter: /usr/bin/python3
    webservers:
      children:
        debian:
          hosts:
            awx01: {}
            srv01: {}
            srv02: {}

